1589199501781	mozrunner::runner	INFO	Running command: "/usr/bin/firefox" "-marionette" "-foreground" "-no-remote" "-profile" "/tmp/rust_mozprofileUKdr3K"
1589199502240	addons.webextension.doh-rollout@mozilla.org	WARN	Loading extension 'doh-rollout@mozilla.org': Reading manifest: Invalid extension permission: networkStatus
1589199502889	addons.webextension.screenshots@mozilla.org	WARN	Loading extension 'screenshots@mozilla.org': Reading manifest: Invalid extension permission: mozillaAddons
1589199502890	addons.webextension.screenshots@mozilla.org	WARN	Loading extension 'screenshots@mozilla.org': Reading manifest: Invalid extension permission: telemetry
1589199502890	addons.webextension.screenshots@mozilla.org	WARN	Loading extension 'screenshots@mozilla.org': Reading manifest: Invalid extension permission: resource://pdf.js/
1589199502890	addons.webextension.screenshots@mozilla.org	WARN	Loading extension 'screenshots@mozilla.org': Reading manifest: Invalid extension permission: about:reader*
1589199504956	Marionette	INFO	Listening on port 45429
1589199504990	Marionette	WARN	TLS certificate errors will be ignored for this session
JavaScript warning: https://neptun11.uni-pannon.hu/hallgato/login.aspx, line 1: unreachable code after return statement
JavaScript warning: https://neptun11.uni-pannon.hu/hallgato/ScriptResource.axd?d=n4KkOWwwu9UiJ2eB6p_8cvFj_zPLn-TGonVvvo02y9sOV-LObjcLbNnkLa2bxaT0u1EZoeqP_TFeYfbrwWqDg--2bUiDzsMh6lrJ33A6xu6VST5Uv7BV89ck1igyY2PsEOGHnSoSwYZVkcwLnvUz8e9MGrKiwVd29yW4spmSXyQ1&t=ffffffffbcccbfab, line 2703: unreachable code after return statement
1589199532521	Marionette	INFO	Stopped listening on port 45429
1589199552969	mozrunner::runner	INFO	Running command: "/usr/bin/firefox" "-marionette" "-foreground" "-no-remote" "-profile" "/tmp/rust_mozprofile3Vt5FL"
1589199553392	addons.webextension.doh-rollout@mozilla.org	WARN	Loading extension 'doh-rollout@mozilla.org': Reading manifest: Invalid extension permission: networkStatus
1589199554032	addons.webextension.screenshots@mozilla.org	WARN	Loading extension 'screenshots@mozilla.org': Reading manifest: Invalid extension permission: mozillaAddons
1589199554032	addons.webextension.screenshots@mozilla.org	WARN	Loading extension 'screenshots@mozilla.org': Reading manifest: Invalid extension permission: telemetry
1589199554032	addons.webextension.screenshots@mozilla.org	WARN	Loading extension 'screenshots@mozilla.org': Reading manifest: Invalid extension permission: resource://pdf.js/
1589199554032	addons.webextension.screenshots@mozilla.org	WARN	Loading extension 'screenshots@mozilla.org': Reading manifest: Invalid extension permission: about:reader*
1589199556059	Marionette	INFO	Listening on port 45849
1589199556083	Marionette	WARN	TLS certificate errors will be ignored for this session
JavaScript warning: https://neptun11.uni-pannon.hu/hallgato/login.aspx, line 1: unreachable code after return statement
JavaScript warning: https://neptun11.uni-pannon.hu/hallgato/ScriptResource.axd?d=n4KkOWwwu9UiJ2eB6p_8cvFj_zPLn-TGonVvvo02y9sOV-LObjcLbNnkLa2bxaT0u1EZoeqP_TFeYfbrwWqDg--2bUiDzsMh6lrJ33A6xu6VST5Uv7BV89ck1igyY2PsEOGHnSoSwYZVkcwLnvUz8e9MGrKiwVd29yW4spmSXyQ1&t=ffffffffbcccbfab, line 2703: unreachable code after return statement
1589199569781	Marionette	WARN	TimedPromise timed out after 0 ms: stacktrace:
TimedPromise/<@chrome://marionette/content/sync.js:245:13
TimedPromise@chrome://marionette/content/sync.js:230:10
Sleep@chrome://marionette/content/sync.js:283:10
dispatchPause@chrome://marionette/content/action.js:1482:10
toEvents/<@chrome://marionette/content/action.js:1156:16
action.dispatchTickActions@chrome://marionette/content/action.js:1060:35
action.dispatch/chainEvents<@chrome://marionette/content/action.js:1028:20
action.dispatch@chrome://marionette/content/action.js:1034:5
performActions@chrome://marionette/content/listener.js:853:16
dispatch/</req<@chrome://marionette/content/listener.js:527:14
dispatch/<@chrome://marionette/content/listener.js:520:15
JavaScript warning: https://neptun11.uni-pannon.hu/hallgato/ScriptResource.axd?d=n4KkOWwwu9UiJ2eB6p_8cvFj_zPLn-TGonVvvo02y9sOV-LObjcLbNnkLa2bxaT0u1EZoeqP_TFeYfbrwWqDg--2bUiDzsMh6lrJ33A6xu6VST5Uv7BV89ck1igyY2PsEOGHnSoSwYZVkcwLnvUz8e9MGrKiwVd29yW4spmSXyQ1&t=ffffffffbcccbfab, line 2703: unreachable code after return statement
1589199609369	Marionette	INFO	Stopped listening on port 45849
1589199666382	mozrunner::runner	INFO	Running command: "/usr/bin/firefox" "-marionette" "-foreground" "-no-remote" "-profile" "/tmp/rust_mozprofileJlwAOn"
1589199666825	addons.webextension.doh-rollout@mozilla.org	WARN	Loading extension 'doh-rollout@mozilla.org': Reading manifest: Invalid extension permission: networkStatus
1589199667461	addons.webextension.screenshots@mozilla.org	WARN	Loading extension 'screenshots@mozilla.org': Reading manifest: Invalid extension permission: mozillaAddons
1589199667461	addons.webextension.screenshots@mozilla.org	WARN	Loading extension 'screenshots@mozilla.org': Reading manifest: Invalid extension permission: telemetry
1589199667461	addons.webextension.screenshots@mozilla.org	WARN	Loading extension 'screenshots@mozilla.org': Reading manifest: Invalid extension permission: resource://pdf.js/
1589199667461	addons.webextension.screenshots@mozilla.org	WARN	Loading extension 'screenshots@mozilla.org': Reading manifest: Invalid extension permission: about:reader*
1589199669573	Marionette	INFO	Listening on port 42497
1589199669601	Marionette	WARN	TLS certificate errors will be ignored for this session
JavaScript warning: https://neptun11.uni-pannon.hu/hallgato/login.aspx, line 1: unreachable code after return statement
JavaScript warning: https://neptun11.uni-pannon.hu/hallgato/ScriptResource.axd?d=n4KkOWwwu9UiJ2eB6p_8cvFj_zPLn-TGonVvvo02y9sOV-LObjcLbNnkLa2bxaT0u1EZoeqP_TFeYfbrwWqDg--2bUiDzsMh6lrJ33A6xu6VST5Uv7BV89ck1igyY2PsEOGHnSoSwYZVkcwLnvUz8e9MGrKiwVd29yW4spmSXyQ1&t=ffffffffbcccbfab, line 2703: unreachable code after return statement
1589199685691	Marionette	WARN	TimedPromise timed out after 0 ms: stacktrace:
TimedPromise/<@chrome://marionette/content/sync.js:245:13
TimedPromise@chrome://marionette/content/sync.js:230:10
Sleep@chrome://marionette/content/sync.js:283:10
dispatchPause@chrome://marionette/content/action.js:1482:10
toEvents/<@chrome://marionette/content/action.js:1156:16
action.dispatchTickActions@chrome://marionette/content/action.js:1060:35
action.dispatch/chainEvents<@chrome://marionette/content/action.js:1028:20
action.dispatch@chrome://marionette/content/action.js:1034:5
performActions@chrome://marionette/content/listener.js:853:16
dispatch/</req<@chrome://marionette/content/listener.js:527:14
dispatch/<@chrome://marionette/content/listener.js:520:15
JavaScript warning: https://neptun11.uni-pannon.hu/hallgato/ScriptResource.axd?d=n4KkOWwwu9UiJ2eB6p_8cvFj_zPLn-TGonVvvo02y9sOV-LObjcLbNnkLa2bxaT0u1EZoeqP_TFeYfbrwWqDg--2bUiDzsMh6lrJ33A6xu6VST5Uv7BV89ck1igyY2PsEOGHnSoSwYZVkcwLnvUz8e9MGrKiwVd29yW4spmSXyQ1&t=ffffffffbcccbfab, line 2703: unreachable code after return statement
IPDL protocol error: Handler returned error code!

###!!! [Parent][DispatchAsyncMessage] Error: PLayerTransaction::Msg_ReleaseLayer Processing error: message was deserialized, but the handler returned false (indicating failure)

IPDL protocol error: Handler returned error code!

###!!! [Parent][DispatchAsyncMessage] Error: PLayerTransaction::Msg_ReleaseLayer Processing error: message was deserialized, but the handler returned false (indicating failure)

IPDL protocol error: Handler returned error code!

###!!! [Parent][DispatchAsyncMessage] Error: PLayerTransaction::Msg_ReleaseLayer Processing error: message was deserialized, but the handler returned false (indicating failure)

1589199704965	Marionette	INFO	Stopped listening on port 42497
Invalid port. Exiting...
